Time: 0,032462 s
testPrintAllOut
select * from rep_cache;

Time: 0,004479 s
testPrintHashOut
select hash from rep_cache;

Time: 0,001793 s
testPrintAllNullOut
select * from rep_cache;

Time: 0,001189 s
testPrintHashNullOut
select hash from rep_cache;

Time: 0,000221 s
testSelectAllToListNoPrint
select * from rep_cache;

Time: 0,000763 s
testSelectHashToListNoPrint
select hash from rep_cache;

Time: 0,000857 s
testCountIterate
select count(*) from rep_cache where hash!='abcdef';

Time: 0,000021 s
testFastCount
select count(*) from rep_cache;

Time: 0,000520 s
testMaxOffset
select max(offset) from rep_cache;

Time: 0,011374 s
testPrintAllOut
select * from rep_cache;

